# JRE version: OpenJDK Runtime Environment (11.0.13) (build 11.0.13+0-b1751.21-8125866)
# Java VM: OpenJDK 64-Bit Server VM (11.0.13+0-b1751.21-8125866, mixed mode, tiered, compressed oops, g1 gc, windows-amd64)
Heap:
 garbage-first heap   total 665600K, used 266326K [0x0000000080000000, 0x0000000100000000)
  region size 1024K, 3 young (3072K), 3 survivors (3072K)
 Metaspace       used 146961K, capacity 152116K, committed 152788K, reserved 1181696K
  class space    used 17771K, capacity 19664K, committed 19872K, reserved 1048576K
GC Heap History (20 events):
Event: 4629.574 GC heap after
{Heap after GC invocations=189 (full 0):
 garbage-first heap   total 332800K, used 265596K [0x0000000080000000, 0x0000000100000000)
  region size 1024K, 4 young (4096K), 4 survivors (4096K)
 Metaspace       used 146386K, capacity 151432K, committed 152532K, reserved 1181696K
  class space    used 17697K, capacity 19529K, committed 19872K, reserved 1048576K
}
Event: 4629.873 GC heap before
{Heap before GC invocations=189 (full 0):
 garbage-first heap   total 332800K, used 279932K [0x0000000080000000, 0x0000000100000000)
  region size 1024K, 20 young (20480K), 4 survivors (4096K)
 Metaspace       used 146471K, capacity 151474K, committed 152532K, reserved 1181696K
  class space    used 17700K, capacity 19515K, committed 19872K, reserved 1048576K
}
Event: 4629.888 GC heap after
{Heap after GC invocations=190 (full 0):
 garbage-first heap   total 332800K, used 268288K [0x0000000080000000, 0x0000000100000000)
  region size 1024K, 3 young (3072K), 3 survivors (3072K)
 Metaspace       used 146471K, capacity 151474K, committed 152532K, reserved 1181696K
  class space    used 17700K, capacity 19515K, committed 19872K, reserved 1048576K
}
Event: 4630.087 GC heap before
{Heap before GC invocations=191 (full 0):
 garbage-first heap   total 332800K, used 282624K [0x0000000080000000, 0x0000000100000000)
  region size 1024K, 18 young (18432K), 3 survivors (3072K)
 Metaspace       used 146747K, capacity 151863K, committed 152788K, reserved 1181696K
  class space    used 17760K, capacity 19646K, committed 19872K, reserved 1048576K
}
Event: 4630.097 GC heap after
{Heap after GC invocations=192 (full 0):
 garbage-first heap   total 332800K, used 270582K [0x0000000080000000, 0x0000000100000000)
  region size 1024K, 3 young (3072K), 3 survivors (3072K)
 Metaspace       used 146747K, capacity 151863K, committed 152788K, reserved 1181696K
  class space    used 17760K, capacity 19646K, committed 19872K, reserved 1048576K
}
Event: 4630.188 GC heap before
{Heap before GC invocations=192 (full 0):
 garbage-first heap   total 332800K, used 282870K [0x0000000080000000, 0x0000000100000000)
  region size 1024K, 16 young (16384K), 3 survivors (3072K)
 Metaspace       used 146793K, capacity 151967K, committed 152788K, reserved 1181696K
  class space    used 17768K, capacity 19659K, committed 19872K, reserved 1048576K
}
Event: 4630.205 GC heap after
{Heap after GC invocations=193 (full 0):
 garbage-first heap   total 332800K, used 263335K [0x0000000080000000, 0x0000000100000000)
  region size 1024K, 2 young (2048K), 2 survivors (2048K)
 Metaspace       used 146793K, capacity 151967K, committed 152788K, reserved 1181696K
  class space    used 17768K, capacity 19659K, committed 19872K, reserved 1048576K
}
Event: 4630.339 GC heap before
{Heap before GC invocations=193 (full 0):
 garbage-first heap   total 332800K, used 280743K [0x0000000080000000, 0x0000000100000000)
  region size 1024K, 20 young (20480K), 2 survivors (2048K)
 Metaspace       used 146852K, capacity 151988K, committed 152788K, reserved 1181696K
  class space    used 17771K, capacity 19664K, committed 19872K, reserved 1048576K
}
Event: 4630.350 GC heap after
{Heap after GC invocations=194 (full 0):
 garbage-first heap   total 332800K, used 264794K [0x0000000080000000, 0x0000000100000000)
  region size 1024K, 2 young (2048K), 2 survivors (2048K)
 Metaspace       used 146852K, capacity 151988K, committed 152788K, reserved 1181696K
  class space    used 17771K, capacity 19664K, committed 19872K, reserved 1048576K
}
Event: 4630.639 GC heap before
{Heap before GC invocations=194 (full 0):
 garbage-first heap   total 332800K, used 284250K [0x0000000080000000, 0x0000000100000000)
  region size 1024K, 20 young (20480K), 2 survivors (2048K)
 Metaspace       used 146871K, capacity 152052K, committed 152788K, reserved 1181696K
  class space    used 17771K, capacity 19664K, committed 19872K, reserved 1048576K
}
Event: 4630.650 GC heap after
{Heap after GC invocations=195 (full 0):
 garbage-first heap   total 332800K, used 267656K [0x0000000080000000, 0x0000000100000000)
  region size 1024K, 3 young (3072K), 3 survivors (3072K)
 Metaspace       used 146871K, capacity 152052K, committed 152788K, reserved 1181696K
  class space    used 17771K, capacity 19664K, committed 19872K, reserved 1048576K
}
Event: 4631.078 GC heap before
{Heap before GC invocations=196 (full 0):
 garbage-first heap   total 332800K, used 277896K [0x0000000080000000, 0x0000000100000000)
  region size 1024K, 21 young (21504K), 3 survivors (3072K)
 Metaspace       used 146881K, capacity 152052K, committed 152788K, reserved 1181696K
  class space    used 17771K, capacity 19664K, committed 19872K, reserved 1048576K
}
Event: 4631.099 GC heap after
{Heap after GC invocations=197 (full 0):
 garbage-first heap   total 332800K, used 261325K [0x0000000080000000, 0x0000000100000000)
  region size 1024K, 3 young (3072K), 3 survivors (3072K)
 Metaspace       used 146881K, capacity 152052K, committed 152788K, reserved 1181696K
  class space    used 17771K, capacity 19664K, committed 19872K, reserved 1048576K
}
Event: 4631.194 GC heap before
{Heap before GC invocations=197 (full 0):
 garbage-first heap   total 332800K, used 277709K [0x0000000080000000, 0x0000000100000000)
  region size 1024K, 16 young (16384K), 3 survivors (3072K)
 Metaspace       used 146881K, capacity 152052K, committed 152788K, reserved 1181696K
  class space    used 17771K, capacity 19664K, committed 19872K, reserved 1048576K
}
Event: 4631.237 GC heap after
{Heap after GC invocations=198 (full 0):
 garbage-first heap   total 332800K, used 255276K [0x0000000080000000, 0x0000000100000000)
  region size 1024K, 2 young (2048K), 2 survivors (2048K)
 Metaspace       used 146881K, capacity 152052K, committed 152788K, reserved 1181696K
  class space    used 17771K, capacity 19664K, committed 19872K, reserved 1048576K
}
Event: 4631.318 GC heap before
{Heap before GC invocations=198 (full 0):
 garbage-first heap   total 332800K, used 278828K [0x0000000080000000, 0x0000000100000000)
  region size 1024K, 26 young (26624K), 2 survivors (2048K)
 Metaspace       used 146888K, capacity 152052K, committed 152788K, reserved 1181696K
  class space    used 17771K, capacity 19664K, committed 19872K, reserved 1048576K
}
Event: 4631.339 GC heap after
{Heap after GC invocations=199 (full 0):
 garbage-first heap   total 332800K, used 260096K [0x0000000080000000, 0x0000000100000000)
  region size 1024K, 4 young (4096K), 4 survivors (4096K)
 Metaspace       used 146888K, capacity 152052K, committed 152788K, reserved 1181696K
  class space    used 17771K, capacity 19664K, committed 19872K, reserved 1048576K
}
Event: 4631.470 GC heap before
{Heap before GC invocations=199 (full 0):
 garbage-first heap   total 332800K, used 282624K [0x0000000080000000, 0x0000000100000000)
  region size 1024K, 27 young (27648K), 4 survivors (4096K)
 Metaspace       used 146896K, capacity 152052K, committed 152788K, reserved 1181696K
  class space    used 17771K, capacity 19664K, committed 19872K, reserved 1048576K
}
Event: 4631.479 GC heap after
{Heap after GC invocations=200 (full 0):
 garbage-first heap   total 332800K, used 260666K [0x0000000080000000, 0x0000000100000000)
  region size 1024K, 1 young (1024K), 1 survivors (1024K)
 Metaspace       used 146896K, capacity 152052K, committed 152788K, reserved 1181696K
  class space    used 17771K, capacity 19664K, committed 19872K, reserved 1048576K
}
Event: 4631.814 GC heap before
{Heap before GC invocations=200 (full 0):
 garbage-first heap   total 332800K, used 285242K [0x0000000080000000, 0x0000000100000000)
  region size 1024K, 24 young (24576K), 1 survivors (1024K)
 Metaspace       used 146961K, capacity 152116K, committed 152788K, reserved 1181696K
  class space    used 17771K, capacity 19664K, committed 19872K, reserved 1048576K
}

